<?xml version="1.0" encoding="UTF-8"?>
<testng-results ignored="0" total="1" passed="1" failed="0" skipped="0">
  <reporter-output>
  </reporter-output>
  <suite started-at="2022-09-28T08:44:20 IST" name="Default suite" finished-at="2022-09-28T08:44:41 IST" duration-ms="20784">
    <groups>
    </groups>
    <test started-at="2022-09-28T08:44:20 IST" name="Default test" finished-at="2022-09-28T08:44:41 IST" duration-ms="20784">
      <class name="script.ValidLogin">
        <test-method is-config="true" signature="initReport()[pri:0, instance:script.ValidLogin@55182842]" started-at="2022-09-28T08:44:19 IST" name="initReport" finished-at="2022-09-28T08:44:20 IST" duration-ms="528" status="PASS">
          <reporter-output>
          </reporter-output>
        </test-method> <!-- initReport -->
        <test-method is-config="true" signature="openApp(java.lang.String,java.lang.reflect.Method)[pri:0, instance:script.ValidLogin@55182842]" started-at="2022-09-28T08:44:20 IST" name="openApp" finished-at="2022-09-28T08:44:32 IST" duration-ms="12168" status="PASS">
          <params>
            <param index="0">
              <value>
                <![CDATA[config.properties]]>
              </value>
            </param>
            <param index="1">
              <value>
                <![CDATA[public void script.ValidLogin.testValidLogin()]]>
              </value>
            </param>
          </params>
          <reporter-output>
          </reporter-output>
        </test-method> <!-- openApp -->
        <test-method signature="testValidLogin()[pri:1, instance:script.ValidLogin@55182842]" started-at="2022-09-28T08:44:32 IST" name="testValidLogin" finished-at="2022-09-28T08:44:40 IST" duration-ms="7984" status="PASS">
          <reporter-output>
          </reporter-output>
        </test-method> <!-- testValidLogin -->
        <test-method is-config="true" signature="closeApp(org.testng.ITestResult)[pri:0, instance:script.ValidLogin@55182842]" started-at="2022-09-28T08:44:40 IST" name="closeApp" finished-at="2022-09-28T08:44:41 IST" duration-ms="494" status="PASS">
          <params>
            <param index="0">
              <value>
                <![CDATA[[TestResult name=testValidLogin status=SUCCESS method=ValidLogin.testValidLogin()[pri:1, instance:script.ValidLogin@55182842] output={null}]]]>
              </value>
            </param>
          </params>
          <reporter-output>
          </reporter-output>
        </test-method> <!-- closeApp -->
        <test-method is-config="true" signature="publishReport()[pri:0, instance:script.ValidLogin@55182842]" started-at="2022-09-28T08:44:41 IST" name="publishReport" finished-at="2022-09-28T08:44:42 IST" duration-ms="843" status="PASS">
          <reporter-output>
          </reporter-output>
        </test-method> <!-- publishReport -->
      </class> <!-- script.ValidLogin -->
    </test> <!-- Default test -->
  </suite> <!-- Default suite -->
</testng-results>
